# JRE version: Java(TM) SE Runtime Environment (7.0_71-b14) (build 1.7.0_71-b14)
# Java VM: Java HotSpot(TM) 64-Bit Server VM (24.71-b01 mixed mode bsd-amd64 compressed oops)
Heap
 PSYoungGen      total 157696K, used 78937K [0x00000007aaa80000, 0x00000007b6380000, 0x0000000800000000)
  eden space 130560K, 44% used [0x00000007aaa80000,0x00000007ae2e02e8,0x00000007b2a00000)
  from space 27136K, 78% used [0x00000007b4600000,0x00000007b5ab64e0,0x00000007b6080000)
  to   space 28672K, 0% used [0x00000007b2a00000,0x00000007b2a00000,0x00000007b4600000)
 ParOldGen       total 174592K, used 24999K [0x0000000700000000, 0x000000070aa80000, 0x00000007aaa80000)
  object space 174592K, 14% used [0x0000000700000000,0x0000000701869d20,0x000000070aa80000)
 PSPermGen       total 31232K, used 30769K [0x00000006fae00000, 0x00000006fcc80000, 0x0000000700000000)
  object space 31232K, 98% used [0x00000006fae00000,0x00000006fcc0c7c0,0x00000006fcc80000)
GC Heap History (10 events):
Event: 2.931 GC heap before
{Heap before GC invocations=2 (full 0):
 PSYoungGen      total 76800K, used 74961K [0x00000007aaa80000, 0x00000007b0000000, 0x0000000800000000)
  eden space 66048K, 100% used [0x00000007aaa80000,0x00000007aeb00000,0x00000007aeb00000)
  from space 10752K, 82% used [0x00000007aeb00000,0x00000007af3b4610,0x00000007af580000)
  to   space 10752K, 0% used [0x00000007af580000,0x00000007af580000,0x00000007b0000000)
 ParOldGen       total 174592K, used 8K [0x0000000700000000, 0x000000070aa80000, 0x00000007aaa80000)
  object space 174592K, 0% used [0x0000000700000000,0x0000000700002000,0x000000070aa80000)
 PSPermGen       total 21504K, used 16089K [0x00000006fae00000, 0x00000006fc300000, 0x0000000700000000)
  object space 21504K, 74% used [0x00000006fae00000,0x00000006fbdb6728,0x00000006fc300000)
Event: 2.940 GC heap after
Heap after GC invocations=2 (full 0):
 PSYoungGen      total 76800K, used 8738K [0x00000007aaa80000, 0x00000007b0000000, 0x0000000800000000)
  eden space 66048K, 0% used [0x00000007aaa80000,0x00000007aaa80000,0x00000007aeb00000)
  from space 10752K, 81% used [0x00000007af580000,0x00000007afe088e0,0x00000007b0000000)
  to   space 10752K, 0% used [0x00000007aeb00000,0x00000007aeb00000,0x00000007af580000)
 ParOldGen       total 174592K, used 16K [0x0000000700000000, 0x000000070aa80000, 0x00000007aaa80000)
  object space 174592K, 0% used [0x0000000700000000,0x0000000700004000,0x000000070aa80000)
 PSPermGen       total 21504K, used 16089K [0x00000006fae00000, 0x00000006fc300000, 0x0000000700000000)
  object space 21504K, 74% used [0x00000006fae00000,0x00000006fbdb6728,0x00000006fc300000)
}
Event: 3.493 GC heap before
{Heap before GC invocations=3 (full 0):
 PSYoungGen      total 76800K, used 74786K [0x00000007aaa80000, 0x00000007b0000000, 0x0000000800000000)
  eden space 66048K, 100% used [0x00000007aaa80000,0x00000007aeb00000,0x00000007aeb00000)
  from space 10752K, 81% used [0x00000007af580000,0x00000007afe088e0,0x00000007b0000000)
  to   space 10752K, 0% used [0x00000007aeb00000,0x00000007aeb00000,0x00000007af580000)
 ParOldGen       total 174592K, used 16K [0x0000000700000000, 0x000000070aa80000, 0x00000007aaa80000)
  object space 174592K, 0% used [0x0000000700000000,0x0000000700004000,0x000000070aa80000)
 PSPermGen       total 21504K, used 17056K [0x00000006fae00000, 0x00000006fc300000, 0x0000000700000000)
  object space 21504K, 79% used [0x00000006fae00000,0x00000006fbea82b0,0x00000006fc300000)
Event: 3.500 GC heap after
Heap after GC invocations=3 (full 0):
 PSYoungGen      total 76800K, used 10032K [0x00000007aaa80000, 0x00000007b0000000, 0x0000000800000000)
  eden space 66048K, 0% used [0x00000007aaa80000,0x00000007aaa80000,0x00000007aeb00000)
  from space 10752K, 93% used [0x00000007aeb00000,0x00000007af4cc008,0x00000007af580000)
  to   space 10752K, 0% used [0x00000007af580000,0x00000007af580000,0x00000007b0000000)
 ParOldGen       total 174592K, used 24K [0x0000000700000000, 0x000000070aa80000, 0x00000007aaa80000)
  object space 174592K, 0% used [0x0000000700000000,0x0000000700006000,0x000000070aa80000)
 PSPermGen       total 21504K, used 17056K [0x00000006fae00000, 0x00000006fc300000, 0x0000000700000000)
  object space 21504K, 79% used [0x00000006fae00000,0x00000006fbea82b0,0x00000006fc300000)
}
Event: 4.138 GC heap before
{Heap before GC invocations=4 (full 0):
 PSYoungGen      total 76800K, used 76080K [0x00000007aaa80000, 0x00000007b0000000, 0x0000000800000000)
  eden space 66048K, 100% used [0x00000007aaa80000,0x00000007aeb00000,0x00000007aeb00000)
  from space 10752K, 93% used [0x00000007aeb00000,0x00000007af4cc008,0x00000007af580000)
  to   space 10752K, 0% used [0x00000007af580000,0x00000007af580000,0x00000007b0000000)
 ParOldGen       total 174592K, used 24K [0x0000000700000000, 0x000000070aa80000, 0x00000007aaa80000)
  object space 174592K, 0% used [0x0000000700000000,0x0000000700006000,0x000000070aa80000)
 PSPermGen       total 21504K, used 20756K [0x00000006fae00000, 0x00000006fc300000, 0x0000000700000000)
  object space 21504K, 96% used [0x00000006fae00000,0x00000006fc245280,0x00000006fc300000)
Event: 4.159 GC heap after
Heap after GC invocations=4 (full 0):
 PSYoungGen      total 76800K, used 10720K [0x00000007aaa80000, 0x00000007b4080000, 0x0000000800000000)
  eden space 66048K, 0% used [0x00000007aaa80000,0x00000007aaa80000,0x00000007aeb00000)
  from space 10752K, 99% used [0x00000007af580000,0x00000007afff8070,0x00000007b0000000)
  to   space 10752K, 0% used [0x00000007aeb00000,0x00000007aeb00000,0x00000007af580000)
 ParOldGen       total 174592K, used 10714K [0x0000000700000000, 0x000000070aa80000, 0x00000007aaa80000)
  object space 174592K, 6% used [0x0000000700000000,0x0000000700a76810,0x000000070aa80000)
 PSPermGen       total 21504K, used 20756K [0x00000006fae00000, 0x00000006fc300000, 0x0000000700000000)
  object space 21504K, 96% used [0x00000006fae00000,0x00000006fc245280,0x00000006fc300000)
}
Event: 4.540 GC heap before
{Heap before GC invocations=5 (full 0):
 PSYoungGen      total 76800K, used 76760K [0x00000007aaa80000, 0x00000007b4080000, 0x0000000800000000)
  eden space 66048K, 99% used [0x00000007aaa80000,0x00000007aeafe2c8,0x00000007aeb00000)
  from space 10752K, 99% used [0x00000007af580000,0x00000007afff8070,0x00000007b0000000)
  to   space 10752K, 0% used [0x00000007aeb00000,0x00000007aeb00000,0x00000007af580000)
 ParOldGen       total 174592K, used 10714K [0x0000000700000000, 0x000000070aa80000, 0x00000007aaa80000)
  object space 174592K, 6% used [0x0000000700000000,0x0000000700a76810,0x000000070aa80000)
 PSPermGen       total 21504K, used 20819K [0x00000006fae00000, 0x00000006fc300000, 0x0000000700000000)
  object space 21504K, 96% used [0x00000006fae00000,0x00000006fc254fc8,0x00000006fc300000)
Event: 4.564 GC heap after
Heap after GC invocations=5 (full 0):
 PSYoungGen      total 76800K, used 10720K [0x00000007aaa80000, 0x00000007b6080000, 0x0000000800000000)
  eden space 66048K, 0% used [0x00000007aaa80000,0x00000007aaa80000,0x00000007aeb00000)
  from space 10752K, 99% used [0x00000007aeb00000,0x00000007af578070,0x00000007af580000)
  to   space 27136K, 0% used [0x00000007b4600000,0x00000007b4600000,0x00000007b6080000)
 ParOldGen       total 174592K, used 24991K [0x0000000700000000, 0x000000070aa80000, 0x00000007aaa80000)
  object space 174592K, 14% used [0x0000000700000000,0x0000000701867d20,0x000000070aa80000)
 PSPermGen       total 21504K, used 20819K [0x00000006fae00000, 0x00000006fc300000, 0x0000000700000000)
  object space 21504K, 96% used [0x00000006fae00000,0x00000006fc254fc8,0x00000006fc300000)
}
Event: 5.190 GC heap before
{Heap before GC invocations=6 (full 0):
 PSYoungGen      total 76800K, used 76768K [0x00000007aaa80000, 0x00000007b6080000, 0x0000000800000000)
  eden space 66048K, 100% used [0x00000007aaa80000,0x00000007aeb00000,0x00000007aeb00000)
  from space 10752K, 99% used [0x00000007aeb00000,0x00000007af578070,0x00000007af580000)
  to   space 27136K, 0% used [0x00000007b4600000,0x00000007b4600000,0x00000007b6080000)
 ParOldGen       total 174592K, used 24991K [0x0000000700000000, 0x000000070aa80000, 0x00000007aaa80000)
  object space 174592K, 14% used [0x0000000700000000,0x0000000701867d20,0x000000070aa80000)
 PSPermGen       total 25088K, used 24796K [0x00000006fae00000, 0x00000006fc680000, 0x0000000700000000)
  object space 25088K, 98% used [0x00000006fae00000,0x00000006fc637330,0x00000006fc680000)
Event: 5.210 GC heap after
Heap after GC invocations=6 (full 0):
 PSYoungGen      total 157696K, used 21209K [0x00000007aaa80000, 0x00000007b6380000, 0x0000000800000000)
  eden space 130560K, 0% used [0x00000007aaa80000,0x00000007aaa80000,0x00000007b2a00000)
  from space 27136K, 78% used [0x00000007b4600000,0x00000007b5ab64e0,0x00000007b6080000)
  to   space 28672K, 0% used [0x00000007b2a00000,0x00000007b2a00000,0x00000007b4600000)
 ParOldGen       total 174592K, used 24999K [0x0000000700000000, 0x000000070aa80000, 0x00000007aaa80000)
  object space 174592K, 14% used [0x0000000700000000,0x0000000701869d20,0x000000070aa80000)
 PSPermGen       total 25088K, used 24796K [0x00000006fae00000, 0x00000006fc680000, 0x0000000700000000)
  object space 25088K, 98% used [0x00000006fae00000,0x00000006fc637330,0x00000006fc680000)
}

